{"uid":"97f973e7498c9164","name":"tableFromToRowsCertainCellsAssert(Quest)","fullName":"com.zerobank.project.ZeroBankTest.tableFromToRowsCertainCellsAssert","historyId":"93391dc0f75a95c11f6e88e2d5905a50","time":{"start":1753526327707,"stop":1753526335926,"duration":8219},"description":"COMPONENTS: Button, Input, Link, List, Validate, Select, Table","descriptionHtml":"<div style='margin: 20px;'><style>\n  .metadata-container { margin: 20px 0; }\n  .metadata-toggle {\n      background-color: #2c3e50;\n      color: white;\n      padding: 8px 12px;\n      cursor: pointer;\n      border: none;\n      border-radius: 4px;\n      font-size: 13px;\n      display: inline-flex;\n      align-items: center;\n      gap: 8px;\n      width: 150px;\n  }\n  .metadata-toggle:hover { background-color: #34495e; }\n  .metadata-toggle::before {\n      content: '▶';\n      display: inline-block;\n      transition: transform 0.3s;\n  }\n  details[open] .metadata-toggle::before { transform: rotate(90deg); }\n  .metadata-content { display: none; margin-top: 10px; }\n  details[open] .metadata-content { display: block; }\n  .metadata-table {\n      border-collapse: collapse;\n      width: 100%;\n      margin-top: 10px;\n      box-shadow: 0 4px 15px rgba(0, 0, 0, 0.1);\n  }\n  .metadata-table th {\n      background-color: #2c3e50;\n      color: white;\n      text-transform: uppercase;\n      font-size: 14px;\n      padding: 15px;\n      text-align: left;\n  }\n  .metadata-table td {\n      padding: 12px 15px;\n      border-bottom: 1px solid #ecf0f1;\n      font-size: 14px;\n      background-color: white;\n  }\n  .metadata-table tr:nth-child(even) td { background-color: #f8f9fa; }\n  .metadata-table tr:hover td { background-color: #f1f4f6; }\n  .annotation { display: block; margin: 5px 0; padding: 8px 12px; background-color: #f7f9fc; border-left: 3px solid #3498db; border-radius: 3px; }\n  .test-arguments { word-break: break-word; max-width: 600px; line-height: 1.5; }\n</style>\n\n<details class=\"metadata-container\">\n  <summary class=\"metadata-toggle\">Test Details</summary>\n  <div class=\"metadata-content\">\n    <table class=\"metadata-table\">\n      <tr><th style=\"width: 30%\">Property</th><th>Value</th></tr>\n      <tr><td>Test Name</td><td>tableFromToRowsCertainCellsAssert</td></tr>\n      <tr><td>Class Name</td><td>ZeroBankTest</td></tr>\n      <tr><td>Class Annotations</td><td><pre class='annotation'>@SpringBootTest(,\n     args=,\n     classes=class com.theairebellion.zeus.framework.config.TestConfig,\n     properties=,\n     webEnvironment=NONE)\n@Tag(exclude-from-verify)\n@UI\n</pre></td></tr>\n      <tr><td>Method Annotations</td><td><pre class='annotation'>@Test\n@Description(\"COMPONENTS: Button,\n     Input,\n     Link,\n     List,\n     Validate,\n     Select,\n     Table\")\n@Regression\n</pre></td></tr>\n      <tr><td>Test Arguments</td><td class=\"test-arguments\">Quest</td></tr>\n    </table>\n  </div>\n</details></div>","status":"broken","statusMessage":"Expected condition failed: waiting for element to be visible: By.id: report-1016 (tried for 5 second(s) with 500 milliseconds interval)\nBuild info: version: '4.25.0', revision: '8a8aea2337'\nSystem info: os.name: 'Linux', os.arch: 'amd64', os.version: '6.11.0-1018-azure', java.version: '17.0.16'\nDriver info: net.bytebuddy.renamed.java.lang.Object$ByteBuddy$r1zmtbwE\nCapabilities {acceptInsecureCerts: false, browserName: chrome, browserVersion: 138.0.7204.157, chrome: {chromedriverVersion: 138.0.7204.168 (3e8d82e86e9..., userDataDir: /tmp/.org.chromium.Chromium...}, fedcm:accounts: true, goog:chromeOptions: {debuggerAddress: localhost:40981}, networkConnectionEnabled: false, pageLoadStrategy: normal, platformName: linux, proxy: Proxy(), se:cdp: ws://localhost:40981/devtoo..., se:cdpVersion: 138.0.7204.157, setWindowRect: true, strictFileInteractability: false, timeouts: {implicit: 0, pageLoad: 300000, script: 30000}, unhandledPromptBehavior: dismiss and notify, webauthn:extension:credBlob: true, webauthn:extension:largeBlob: true, webauthn:extension:minPinLength: true, webauthn:extension:prf: true, webauthn:virtualAuthenticators: true}\nSession ID: 8edb1eb6e77e5c742178fe8b691dbf3b","statusTrace":"org.openqa.selenium.TimeoutException: Expected condition failed: waiting for element to be visible: By.id: report-1016 (tried for 5 second(s) with 500 milliseconds interval)\nBuild info: version: '4.25.0', revision: '8a8aea2337'\nSystem info: os.name: 'Linux', os.arch: 'amd64', os.version: '6.11.0-1018-azure', java.version: '17.0.16'\nDriver info: net.bytebuddy.renamed.java.lang.Object$ByteBuddy$r1zmtbwE\nCapabilities {acceptInsecureCerts: false, browserName: chrome, browserVersion: 138.0.7204.157, chrome: {chromedriverVersion: 138.0.7204.168 (3e8d82e86e9..., userDataDir: /tmp/.org.chromium.Chromium...}, fedcm:accounts: true, goog:chromeOptions: {debuggerAddress: localhost:40981}, networkConnectionEnabled: false, pageLoadStrategy: normal, platformName: linux, proxy: Proxy(), se:cdp: ws://localhost:40981/devtoo..., se:cdpVersion: 138.0.7204.157, setWindowRect: true, strictFileInteractability: false, timeouts: {implicit: 0, pageLoad: 300000, script: 30000}, unhandledPromptBehavior: dismiss and notify, webauthn:extension:credBlob: true, webauthn:extension:largeBlob: true, webauthn:extension:minPinLength: true, webauthn:extension:prf: true, webauthn:virtualAuthenticators: true}\nSession ID: 8edb1eb6e77e5c742178fe8b691dbf3b\n\tat org.openqa.selenium.support.ui.WebDriverWait.timeoutException(WebDriverWait.java:84)\n\tat org.openqa.selenium.support.ui.FluentWait.until(FluentWait.java:228)\n\tat com.zerobank.project.ui.functions.SharedUiFunctions.waitForPresence(SharedUiFunctions.java:27)\n\tat com.zerobank.project.ui.elements.Tables.lambda$static$0(Tables.java:25)\n\tat com.theairebellion.zeus.ui.service.tables.TableServiceFluent.readTable(TableServiceFluent.java:130)\n\tat com.zerobank.project.ZeroBankTest.tableFromToRowsCertainCellsAssert(ZeroBankTest.java:322)\n\tat java.base/java.lang.reflect.Method.invoke(Method.java:569)\n\tat com.theairebellion.zeus.framework.extension.Initiator.interceptTestMethod(Initiator.java:84)\n\tat java.base/java.util.concurrent.ForkJoinTask.doExec(ForkJoinTask.java:373)\n\tat java.base/java.util.concurrent.ForkJoinPool$WorkQueue.topLevelExec(ForkJoinPool.java:1182)\n\tat java.base/java.util.concurrent.ForkJoinPool.scan(ForkJoinPool.java:1655)\n\tat java.base/java.util.concurrent.ForkJoinPool.runWorker(ForkJoinPool.java:1622)\n\tat java.base/java.util.concurrent.ForkJoinWorkerThread.run(ForkJoinWorkerThread.java:165)\n\tSuppressed: org.openqa.selenium.NoSuchSessionException: Session ID is null. Using WebDriver after calling quit()?\nBuild info: version: '4.25.0', revision: '8a8aea2337'\nSystem info: os.name: 'Linux', os.arch: 'amd64', os.version: '6.11.0-1018-azure', java.version: '17.0.16'\nDriver info: org.openqa.selenium.chrome.ChromeDriver\nCommand: [null, close {}]\nCapabilities {acceptInsecureCerts: false, browserName: chrome, browserVersion: 138.0.7204.157, chrome: {chromedriverVersion: 138.0.7204.168 (3e8d82e86e9..., userDataDir: /tmp/.org.chromium.Chromium...}, fedcm:accounts: true, goog:chromeOptions: {debuggerAddress: localhost:40981}, networkConnectionEnabled: false, pageLoadStrategy: normal, platformName: linux, proxy: Proxy(), se:cdp: ws://localhost:40981/devtoo..., se:cdpVersion: 138.0.7204.157, setWindowRect: true, strictFileInteractability: false, timeouts: {implicit: 0, pageLoad: 300000, script: 30000}, unhandledPromptBehavior: dismiss and notify, webauthn:extension:credBlob: true, webauthn:extension:largeBlob: true, webauthn:extension:minPinLength: true, webauthn:extension:prf: true, webauthn:virtualAuthenticators: true}\n\t\tat org.openqa.selenium.remote.HttpCommandExecutor.execute(HttpCommandExecutor.java:151)\n\t\tat org.openqa.selenium.remote.service.DriverCommandExecutor.invokeExecute(DriverCommandExecutor.java:216)\n\t\tat org.openqa.selenium.remote.service.DriverCommandExecutor.execute(DriverCommandExecutor.java:174)\n\t\tat org.openqa.selenium.remote.RemoteWebDriver.execute(RemoteWebDriver.java:545)\n\t\tat org.openqa.selenium.remote.RemoteWebDriver.execute(RemoteWebDriver.java:618)\n\t\tat org.openqa.selenium.remote.RemoteWebDriver.execute(RemoteWebDriver.java:622)\n\t\tat org.openqa.selenium.remote.RemoteWebDriver.close(RemoteWebDriver.java:418)\n\t\tat java.base/java.lang.reflect.Method.invoke(Method.java:569)\n\t\tat org.openqa.selenium.support.decorators.WebDriverDecorator.call(WebDriverDecorator.java:249)\n\t\tat org.openqa.selenium.support.decorators.DefaultDecorated.call(DefaultDecorated.java:48)\n\t\tat org.openqa.selenium.support.decorators.WebDriverDecorator.lambda$createProxy$2(WebDriverDecorator.java:321)\n\t\tat net.bytebuddy.renamed.java.lang.Object$ByteBuddy$r1zmtbwE.close(Unknown Source)\n\t\tat com.theairebellion.zeus.ui.extensions.UiTestExtension.afterTestExecution(UiTestExtension.java:326)\n\t\t... 5 more\n","flaky":false,"newFailed":false,"newBroken":false,"newPassed":false,"retriesCount":0,"retriesStatusChange":false,"beforeStages":[],"testStage":{"description":"COMPONENTS: Button, Input, Link, List, Validate, Select, Table","descriptionHtml":"<div style='margin: 20px;'><style>\n  .metadata-container { margin: 20px 0; }\n  .metadata-toggle {\n      background-color: #2c3e50;\n      color: white;\n      padding: 8px 12px;\n      cursor: pointer;\n      border: none;\n      border-radius: 4px;\n      font-size: 13px;\n      display: inline-flex;\n      align-items: center;\n      gap: 8px;\n      width: 150px;\n  }\n  .metadata-toggle:hover { background-color: #34495e; }\n  .metadata-toggle::before {\n      content: '▶';\n      display: inline-block;\n      transition: transform 0.3s;\n  }\n  details[open] .metadata-toggle::before { transform: rotate(90deg); }\n  .metadata-content { display: none; margin-top: 10px; }\n  details[open] .metadata-content { display: block; }\n  .metadata-table {\n      border-collapse: collapse;\n      width: 100%;\n      margin-top: 10px;\n      box-shadow: 0 4px 15px rgba(0, 0, 0, 0.1);\n  }\n  .metadata-table th {\n      background-color: #2c3e50;\n      color: white;\n      text-transform: uppercase;\n      font-size: 14px;\n      padding: 15px;\n      text-align: left;\n  }\n  .metadata-table td {\n      padding: 12px 15px;\n      border-bottom: 1px solid #ecf0f1;\n      font-size: 14px;\n      background-color: white;\n  }\n  .metadata-table tr:nth-child(even) td { background-color: #f8f9fa; }\n  .metadata-table tr:hover td { background-color: #f1f4f6; }\n  .annotation { display: block; margin: 5px 0; padding: 8px 12px; background-color: #f7f9fc; border-left: 3px solid #3498db; border-radius: 3px; }\n  .test-arguments { word-break: break-word; max-width: 600px; line-height: 1.5; }\n</style>\n\n<details class=\"metadata-container\">\n  <summary class=\"metadata-toggle\">Test Details</summary>\n  <div class=\"metadata-content\">\n    <table class=\"metadata-table\">\n      <tr><th style=\"width: 30%\">Property</th><th>Value</th></tr>\n      <tr><td>Test Name</td><td>tableFromToRowsCertainCellsAssert</td></tr>\n      <tr><td>Class Name</td><td>ZeroBankTest</td></tr>\n      <tr><td>Class Annotations</td><td><pre class='annotation'>@SpringBootTest(,\n     args=,\n     classes=class com.theairebellion.zeus.framework.config.TestConfig,\n     properties=,\n     webEnvironment=NONE)\n@Tag(exclude-from-verify)\n@UI\n</pre></td></tr>\n      <tr><td>Method Annotations</td><td><pre class='annotation'>@Test\n@Description(\"COMPONENTS: Button,\n     Input,\n     Link,\n     List,\n     Validate,\n     Select,\n     Table\")\n@Regression\n</pre></td></tr>\n      <tr><td>Test Arguments</td><td class=\"test-arguments\">Quest</td></tr>\n    </table>\n  </div>\n</details></div>","status":"broken","statusMessage":"Expected condition failed: waiting for element to be visible: By.id: report-1016 (tried for 5 second(s) with 500 milliseconds interval)\nBuild info: version: '4.25.0', revision: '8a8aea2337'\nSystem info: os.name: 'Linux', os.arch: 'amd64', os.version: '6.11.0-1018-azure', java.version: '17.0.16'\nDriver info: net.bytebuddy.renamed.java.lang.Object$ByteBuddy$r1zmtbwE\nCapabilities {acceptInsecureCerts: false, browserName: chrome, browserVersion: 138.0.7204.157, chrome: {chromedriverVersion: 138.0.7204.168 (3e8d82e86e9..., userDataDir: /tmp/.org.chromium.Chromium...}, fedcm:accounts: true, goog:chromeOptions: {debuggerAddress: localhost:40981}, networkConnectionEnabled: false, pageLoadStrategy: normal, platformName: linux, proxy: Proxy(), se:cdp: ws://localhost:40981/devtoo..., se:cdpVersion: 138.0.7204.157, setWindowRect: true, strictFileInteractability: false, timeouts: {implicit: 0, pageLoad: 300000, script: 30000}, unhandledPromptBehavior: dismiss and notify, webauthn:extension:credBlob: true, webauthn:extension:largeBlob: true, webauthn:extension:minPinLength: true, webauthn:extension:prf: true, webauthn:virtualAuthenticators: true}\nSession ID: 8edb1eb6e77e5c742178fe8b691dbf3b","statusTrace":"org.openqa.selenium.TimeoutException: Expected condition failed: waiting for element to be visible: By.id: report-1016 (tried for 5 second(s) with 500 milliseconds interval)\nBuild info: version: '4.25.0', revision: '8a8aea2337'\nSystem info: os.name: 'Linux', os.arch: 'amd64', os.version: '6.11.0-1018-azure', java.version: '17.0.16'\nDriver info: net.bytebuddy.renamed.java.lang.Object$ByteBuddy$r1zmtbwE\nCapabilities {acceptInsecureCerts: false, browserName: chrome, browserVersion: 138.0.7204.157, chrome: {chromedriverVersion: 138.0.7204.168 (3e8d82e86e9..., userDataDir: /tmp/.org.chromium.Chromium...}, fedcm:accounts: true, goog:chromeOptions: {debuggerAddress: localhost:40981}, networkConnectionEnabled: false, pageLoadStrategy: normal, platformName: linux, proxy: Proxy(), se:cdp: ws://localhost:40981/devtoo..., se:cdpVersion: 138.0.7204.157, setWindowRect: true, strictFileInteractability: false, timeouts: {implicit: 0, pageLoad: 300000, script: 30000}, unhandledPromptBehavior: dismiss and notify, webauthn:extension:credBlob: true, webauthn:extension:largeBlob: true, webauthn:extension:minPinLength: true, webauthn:extension:prf: true, webauthn:virtualAuthenticators: true}\nSession ID: 8edb1eb6e77e5c742178fe8b691dbf3b\n\tat org.openqa.selenium.support.ui.WebDriverWait.timeoutException(WebDriverWait.java:84)\n\tat org.openqa.selenium.support.ui.FluentWait.until(FluentWait.java:228)\n\tat com.zerobank.project.ui.functions.SharedUiFunctions.waitForPresence(SharedUiFunctions.java:27)\n\tat com.zerobank.project.ui.elements.Tables.lambda$static$0(Tables.java:25)\n\tat com.theairebellion.zeus.ui.service.tables.TableServiceFluent.readTable(TableServiceFluent.java:130)\n\tat com.zerobank.project.ZeroBankTest.tableFromToRowsCertainCellsAssert(ZeroBankTest.java:322)\n\tat java.base/java.lang.reflect.Method.invoke(Method.java:569)\n\tat com.theairebellion.zeus.framework.extension.Initiator.interceptTestMethod(Initiator.java:84)\n\tat java.base/java.util.concurrent.ForkJoinTask.doExec(ForkJoinTask.java:373)\n\tat java.base/java.util.concurrent.ForkJoinPool$WorkQueue.topLevelExec(ForkJoinPool.java:1182)\n\tat java.base/java.util.concurrent.ForkJoinPool.scan(ForkJoinPool.java:1655)\n\tat java.base/java.util.concurrent.ForkJoinPool.runWorker(ForkJoinPool.java:1622)\n\tat java.base/java.util.concurrent.ForkJoinWorkerThread.run(ForkJoinWorkerThread.java:165)\n\tSuppressed: org.openqa.selenium.NoSuchSessionException: Session ID is null. Using WebDriver after calling quit()?\nBuild info: version: '4.25.0', revision: '8a8aea2337'\nSystem info: os.name: 'Linux', os.arch: 'amd64', os.version: '6.11.0-1018-azure', java.version: '17.0.16'\nDriver info: org.openqa.selenium.chrome.ChromeDriver\nCommand: [null, close {}]\nCapabilities {acceptInsecureCerts: false, browserName: chrome, browserVersion: 138.0.7204.157, chrome: {chromedriverVersion: 138.0.7204.168 (3e8d82e86e9..., userDataDir: /tmp/.org.chromium.Chromium...}, fedcm:accounts: true, goog:chromeOptions: {debuggerAddress: localhost:40981}, networkConnectionEnabled: false, pageLoadStrategy: normal, platformName: linux, proxy: Proxy(), se:cdp: ws://localhost:40981/devtoo..., se:cdpVersion: 138.0.7204.157, setWindowRect: true, strictFileInteractability: false, timeouts: {implicit: 0, pageLoad: 300000, script: 30000}, unhandledPromptBehavior: dismiss and notify, webauthn:extension:credBlob: true, webauthn:extension:largeBlob: true, webauthn:extension:minPinLength: true, webauthn:extension:prf: true, webauthn:virtualAuthenticators: true}\n\t\tat org.openqa.selenium.remote.HttpCommandExecutor.execute(HttpCommandExecutor.java:151)\n\t\tat org.openqa.selenium.remote.service.DriverCommandExecutor.invokeExecute(DriverCommandExecutor.java:216)\n\t\tat org.openqa.selenium.remote.service.DriverCommandExecutor.execute(DriverCommandExecutor.java:174)\n\t\tat org.openqa.selenium.remote.RemoteWebDriver.execute(RemoteWebDriver.java:545)\n\t\tat org.openqa.selenium.remote.RemoteWebDriver.execute(RemoteWebDriver.java:618)\n\t\tat org.openqa.selenium.remote.RemoteWebDriver.execute(RemoteWebDriver.java:622)\n\t\tat org.openqa.selenium.remote.RemoteWebDriver.close(RemoteWebDriver.java:418)\n\t\tat java.base/java.lang.reflect.Method.invoke(Method.java:569)\n\t\tat org.openqa.selenium.support.decorators.WebDriverDecorator.call(WebDriverDecorator.java:249)\n\t\tat org.openqa.selenium.support.decorators.DefaultDecorated.call(DefaultDecorated.java:48)\n\t\tat org.openqa.selenium.support.decorators.WebDriverDecorator.lambda$createProxy$2(WebDriverDecorator.java:321)\n\t\tat net.bytebuddy.renamed.java.lang.Object$ByteBuddy$r1zmtbwE.close(Unknown Source)\n\t\tat com.theairebellion.zeus.ui.extensions.UiTestExtension.afterTestExecution(UiTestExtension.java:326)\n\t\t... 5 more\n","steps":[{"name":"Test Execution","time":{"start":1753526328023,"stop":1753526335738,"duration":7715},"status":"unknown","steps":[{"name":"[UI - Navigation] Navigate to the URL and maximize the browser window","time":{"start":1753526328023,"stop":1753526328023,"duration":0},"status":"passed","steps":[],"attachments":[],"parameters":[],"shouldDisplayMessage":false,"stepsCount":0,"attachmentsCount":0,"hasContent":false,"attachmentStep":false},{"name":"[UI - Button] Clicking button with componentType: BOOTSTRAP_INPUT_TYPE, locator: By.id: signin_button","time":{"start":1753526328943,"stop":1753526328943,"duration":0},"status":"passed","steps":[],"attachments":[],"parameters":[],"shouldDisplayMessage":false,"stepsCount":0,"attachmentsCount":0,"hasContent":false,"attachmentStep":false},{"name":"[UI - Input] Insert value 'username' into input element: USERNAME_FIELD","time":{"start":1753526329178,"stop":1753526329178,"duration":0},"status":"passed","steps":[],"attachments":[],"parameters":[],"shouldDisplayMessage":false,"stepsCount":0,"attachmentsCount":0,"hasContent":false,"attachmentStep":false},{"name":"[UI - Input] Insert value 'password' into input element: PASSWORD_FIELD","time":{"start":1753526329306,"stop":1753526329306,"duration":0},"status":"passed","steps":[],"attachments":[],"parameters":[],"shouldDisplayMessage":false,"stepsCount":0,"attachmentsCount":0,"hasContent":false,"attachmentStep":false},{"name":"[UI - Button] Clicking button with componentType: BOOTSTRAP_INPUT_TYPE, locator: By.cssSelector: input[value='Sign in']","time":{"start":1753526329398,"stop":1753526329398,"duration":0},"status":"passed","steps":[],"attachments":[],"parameters":[],"shouldDisplayMessage":false,"stepsCount":0,"attachmentsCount":0,"hasContent":false,"attachmentStep":false},{"name":"[UI - Navigation] Navigate back in the browser history","time":{"start":1753526329921,"stop":1753526329921,"duration":0},"status":"passed","steps":[],"attachments":[],"parameters":[],"shouldDisplayMessage":false,"stepsCount":0,"attachmentsCount":0,"hasContent":false,"attachmentStep":false},{"name":"[UI - Button] Clicking button with componentType: BOOTSTRAP_INPUT_TYPE, locator: By.id: online-banking","time":{"start":1753526330134,"stop":1753526330134,"duration":0},"status":"passed","steps":[],"attachments":[],"parameters":[],"shouldDisplayMessage":false,"stepsCount":0,"attachmentsCount":0,"hasContent":false,"attachmentStep":false},{"name":"[UI - Link] Clicking on the link element: MY_MONEY_MAP_LINK","time":{"start":1753526330470,"stop":1753526330470,"duration":0},"status":"passed","steps":[],"attachments":[],"parameters":[],"shouldDisplayMessage":false,"stepsCount":0,"attachmentsCount":0,"hasContent":false,"attachmentStep":false},{"name":"[UI - Table] Reading a range of rows with specific fields from the table: OUTFLOW from 3 to 5","time":{"start":1753526330545,"stop":1753526330545,"duration":0},"status":"passed","steps":[],"attachments":[],"parameters":[],"shouldDisplayMessage":false,"stepsCount":0,"attachmentsCount":0,"hasContent":false,"attachmentStep":false}],"attachments":[],"parameters":[],"shouldDisplayMessage":false,"stepsCount":9,"attachmentsCount":0,"hasContent":true,"attachmentStep":false},{"name":"Tear Down","time":{"start":1753526335738,"stop":1753526335925,"duration":187},"status":"unknown","steps":[],"attachments":[{"uid":"3fc798ac8d7c935a","name":"tableFromToRowsCertainCellsAssert(Quest)","source":"3fc798ac8d7c935a.png","type":"image/png","size":110832},{"uid":"1f8f021ac68af474","name":"Filtered Logs for Test: ZeroBankTest.tableFromToRowsCertainCellsAssert","source":"1f8f021ac68af474.log","type":"text/plain","size":70}],"parameters":[],"shouldDisplayMessage":false,"stepsCount":0,"attachmentsCount":2,"hasContent":true,"attachmentStep":false}],"attachments":[],"parameters":[],"shouldDisplayMessage":true,"stepsCount":11,"attachmentsCount":2,"hasContent":true,"attachmentStep":false},"afterStages":[],"labels":[{"name":"tag","value":"Regression"},{"name":"tag","value":"exclude-from-verify"},{"name":"junit.platform.uniqueid","value":"[engine:junit-jupiter]/[class:com.zerobank.project.ZeroBankTest]/[method:tableFromToRowsCertainCellsAssert(com.theairebellion.zeus.framework.quest.Quest)]"},{"name":"host","value":"pkrvmpptgkbjq6m"},{"name":"thread","value":"3374@pkrvmpptgkbjq6m.ForkJoinPool-1-worker-3(19)"},{"name":"framework","value":"junit-platform"},{"name":"language","value":"java"},{"name":"package","value":"com.zerobank.project.ZeroBankTest"},{"name":"testClass","value":"com.zerobank.project.ZeroBankTest"},{"name":"testMethod","value":"tableFromToRowsCertainCellsAssert"},{"name":"suite","value":"com.zerobank.project.ZeroBankTest"},{"name":"resultFormat","value":"allure2"}],"parameters":[],"links":[],"hidden":false,"retry":false,"extra":{"severity":"normal","retries":[],"categories":[{"name":"Timing-Related Issues","traceRegex":".*(StaleElementReferenceException|TimeoutException|ElementClickInterceptedException).*","matchedStatuses":["failed","broken"],"flaky":false}],"history":{"statistic":{"failed":0,"broken":3,"skipped":0,"passed":1,"unknown":0,"total":4},"items":[{"uid":"1e6391f5006840bf","reportUrl":"https://CyborgCodeSyndicate.github.io/temp-project/30//#testresult/1e6391f5006840bf","status":"broken","statusDetails":"Expected condition failed: waiting for element to be visible: By.id: report-1016 (tried for 5 second(s) with 500 milliseconds interval)\nBuild info: version: '4.25.0', revision: '8a8aea2337'\nSystem info: os.name: 'Linux', os.arch: 'amd64', os.version: '6.11.0-1018-azure', java.version: '17.0.16'\nDriver info: net.bytebuddy.renamed.java.lang.Object$ByteBuddy$dXif7DV1\nCapabilities {acceptInsecureCerts: false, browserName: chrome, browserVersion: 138.0.7204.157, chrome: {chromedriverVersion: 138.0.7204.168 (3e8d82e86e9..., userDataDir: /tmp/.org.chromium.Chromium...}, fedcm:accounts: true, goog:chromeOptions: {debuggerAddress: localhost:42225}, networkConnectionEnabled: false, pageLoadStrategy: normal, platformName: linux, proxy: Proxy(), se:cdp: ws://localhost:42225/devtoo..., se:cdpVersion: 138.0.7204.157, setWindowRect: true, strictFileInteractability: false, timeouts: {implicit: 0, pageLoad: 300000, script: 30000}, unhandledPromptBehavior: dismiss and notify, webauthn:extension:credBlob: true, webauthn:extension:largeBlob: true, webauthn:extension:minPinLength: true, webauthn:extension:prf: true, webauthn:virtualAuthenticators: true}\nSession ID: 760b856bf7f046c51336272c5ab8704d","time":{"start":1753524480139,"stop":1753524488039,"duration":7900}},{"uid":"a9874d5745df403f","reportUrl":"https://CyborgCodeSyndicate.github.io/temp-project/28//#testresult/a9874d5745df403f","status":"broken","statusDetails":"no such element: Unable to locate element: {\"method\":\"css selector\",\"selector\":\"#online\\-banking\"}\n  (Session info: chrome=138.0.7204.157)\nFor documentation on this error, please visit: https://www.selenium.dev/documentation/webdriver/troubleshooting/errors#no-such-element-exception\nBuild info: version: '4.25.0', revision: '8a8aea2337'\nSystem info: os.name: 'Linux', os.arch: 'amd64', os.version: '6.11.0-1018-azure', java.version: '17.0.16'\nDriver info: org.openqa.selenium.chrome.ChromeDriver\nCommand: [90f03ee8f1f0deb2bbf925c80f18ac1c, findElement {using=id, value=online-banking}]\nCapabilities {acceptInsecureCerts: false, browserName: chrome, browserVersion: 138.0.7204.157, chrome: {chromedriverVersion: 138.0.7204.168 (3e8d82e86e9..., userDataDir: /tmp/.org.chromium.Chromium...}, fedcm:accounts: true, goog:chromeOptions: {debuggerAddress: localhost:33989}, networkConnectionEnabled: false, pageLoadStrategy: normal, platformName: linux, proxy: Proxy(), se:cdp: ws://localhost:33989/devtoo..., se:cdpVersion: 138.0.7204.157, setWindowRect: true, strictFileInteractability: false, timeouts: {implicit: 0, pageLoad: 300000, script: 30000}, unhandledPromptBehavior: dismiss and notify, webauthn:extension:credBlob: true, webauthn:extension:largeBlob: true, webauthn:extension:minPinLength: true, webauthn:extension:prf: true, webauthn:virtualAuthenticators: true}\nSession ID: 90f03ee8f1f0deb2bbf925c80f18ac1c","time":{"start":1753465524922,"stop":1753465533378,"duration":8456}},{"uid":"b5824a5a4069a985","reportUrl":"https://CyborgCodeSyndicate.github.io/temp-project/27//#testresult/b5824a5a4069a985","status":"passed","time":{"start":1753465247351,"stop":1753465254718,"duration":7367}}]},"tags":["Regression","exclude-from-verify"]},"source":"97f973e7498c9164.json","parameterValues":[]}