{"uid":"129d1230fd94e1f7","name":"paragraphTextValueTestHardAssertions(Quest)","fullName":"com.zerobank.project.ZeroBankTest.paragraphTextValueTestHardAssertions","historyId":"d6b7d1ab3dd69ecf0c6f18446a8dee38","time":{"start":1753460263567,"stop":1753460270139,"duration":6572},"description":"COMPONENTS: Button, Input, Link, List, Validate, Select","descriptionHtml":"<p>COMPONENTS: Button, Input, Link, List, Validate, Select</p>\n","status":"broken","statusMessage":"Cannot invoke \"com.theairebellion.zeus.framework.quest.SuperQuest.artifact(java.lang.Class, java.lang.Class)\" because \"superQuest\" is null","statusTrace":"java.lang.NullPointerException: Cannot invoke \"com.theairebellion.zeus.framework.quest.SuperQuest.artifact(java.lang.Class, java.lang.Class)\" because \"superQuest\" is null\n\tat com.theairebellion.zeus.ui.extensions.UiTestExtension.getSmartWebDriver(UiTestExtension.java:445)\n\tat com.theairebellion.zeus.ui.extensions.UiTestExtension.handleTestExecutionException(UiTestExtension.java:347)\n\tat java.base/java.util.concurrent.ForkJoinTask.doExec(ForkJoinTask.java:373)\n\tat java.base/java.util.concurrent.ForkJoinPool$WorkQueue.topLevelExec(ForkJoinPool.java:1182)\n\tat java.base/java.util.concurrent.ForkJoinPool.scan(ForkJoinPool.java:1655)\n\tat java.base/java.util.concurrent.ForkJoinPool.runWorker(ForkJoinPool.java:1622)\n\tat java.base/java.util.concurrent.ForkJoinWorkerThread.run(ForkJoinWorkerThread.java:165)\n\tSuppressed: java.lang.NullPointerException: Cannot invoke \"com.theairebellion.zeus.framework.quest.SuperQuest.artifact(java.lang.Class, java.lang.Class)\" because \"superQuest\" is null\n\t\tat com.theairebellion.zeus.ui.extensions.UiTestExtension.getSmartWebDriver(UiTestExtension.java:445)\n\t\tat com.theairebellion.zeus.ui.extensions.UiTestExtension.afterTestExecution(UiTestExtension.java:312)\n\t\t... 5 more\n\tSuppressed: java.lang.IllegalStateException: Quest not found in the global store.\n\t\tat com.theairebellion.zeus.framework.util.TestContextManager.lambda$getSuperQuest$0(TestContextManager.java:51)\n\t\tat java.base/java.util.Optional.orElseThrow(Optional.java:403)\n\t\tat com.theairebellion.zeus.framework.util.TestContextManager.getSuperQuest(TestContextManager.java:51)\n\t\tat com.theairebellion.zeus.framework.extension.Epilogue.afterTestExecution(Epilogue.java:52)\n\t\t... 5 more\n","flaky":false,"newFailed":false,"newBroken":false,"newPassed":false,"retriesCount":0,"retriesStatusChange":false,"beforeStages":[],"afterStages":[],"labels":[{"name":"tag","value":"Regression"},{"name":"tag","value":"exclude-from-verify"},{"name":"junit.platform.uniqueid","value":"[engine:junit-jupiter]/[class:com.zerobank.project.ZeroBankTest]/[method:paragraphTextValueTestHardAssertions(com.theairebellion.zeus.framework.quest.Quest)]"},{"name":"host","value":"pkrvmpptgkbjq6m"},{"name":"thread","value":"4521@pkrvmpptgkbjq6m.ForkJoinPool-1-worker-3(19)"},{"name":"framework","value":"junit-platform"},{"name":"language","value":"java"},{"name":"package","value":"com.zerobank.project.ZeroBankTest"},{"name":"testClass","value":"com.zerobank.project.ZeroBankTest"},{"name":"testMethod","value":"paragraphTextValueTestHardAssertions"},{"name":"suite","value":"com.zerobank.project.ZeroBankTest"},{"name":"resultFormat","value":"allure2"}],"parameters":[],"links":[],"hidden":false,"retry":false,"extra":{"severity":"normal","retries":[],"categories":[{"name":"Test defects","matchedStatuses":[],"flaky":false}],"tags":["Regression","exclude-from-verify"]},"source":"129d1230fd94e1f7.json","parameterValues":[]}